0 silly argv {
0 silly argv   _: [ 'run' ],
0 silly argv   parallel: true,
0 silly argv   lernaVersion: '8.1.2',
0 silly argv   '$0': 'node_modules/lerna/dist/cli.js',
0 silly argv   script: 'serve'
0 silly argv }
1 notice cli v8.1.2
2 verbose packageConfigs Explicit "packages" configuration found in lerna.json. Resolving packages using the configured glob(s): ["packages/*"]
3 verbose rootPath /Users/xiu/code/example/packages/learn-lerna-module-federation
4 error Error: The following projects are defined in multiple locations:
4 error - my-webpack-project:
4 error   - packages/mainApp
4 error   - packages/subApp
4 error
4 error To fix this, set a unique name for each project in a project.json inside the project's root. If the project does not currently have a project.json, you can create one that contains only a name.
4 error     at readProjectConfigurationsFromRootMap (/Users/xiu/code/example/packages/learn-lerna-module-federation/node_modules/.pnpm/nx@18.1.2/node_modules/nx/src/project-graph/utils/project-configuration-utils.js:254:15)
4 error     at /Users/xiu/code/example/packages/learn-lerna-module-federation/node_modules/.pnpm/nx@18.1.2/node_modules/nx/src/project-graph/utils/project-configuration-utils.js:209:26
4 error     at async createProjectConfigurations (/Users/xiu/code/example/packages/learn-lerna-module-federation/node_modules/.pnpm/nx@18.1.2/node_modules/nx/src/project-graph/utils/retrieve-workspace-files.js:89:62)
4 error     at async buildProjectGraphAndSourceMapsWithoutDaemon (/Users/xiu/code/example/packages/learn-lerna-module-federation/node_modules/.pnpm/nx@18.1.2/node_modules/nx/src/project-graph/project-graph.js:73:69)
4 error     at async createProjectGraphAndSourceMapsAsync (/Users/xiu/code/example/packages/learn-lerna-module-federation/node_modules/.pnpm/nx@18.1.2/node_modules/nx/src/project-graph/project-graph.js:139:25)
4 error     at async createProjectGraphAsync (/Users/xiu/code/example/packages/learn-lerna-module-federation/node_modules/.pnpm/nx@18.1.2/node_modules/nx/src/project-graph/project-graph.js:128:39)
4 error     at async detectProjects (/Users/xiu/code/example/packages/learn-lerna-module-federation/node_modules/.pnpm/lerna@8.1.2/node_modules/lerna/dist/index.js:1563:25)
